
ROM used: 1599 (39%)
          1599 (39%) including unused fragments

          2 Average locations per line
          6 Average locations per statement

RAM used: 54 (28%) at main() level
          68 (36%) worst case

Stack used: 5 worst case (out of 7 total available)

Lines Stmts  %   Files
----- ----- ---  -----
  108    44  18  main.c
  276     0   0  ..\..\..\..\Program Files (x86)\PICC\devices\16F873A.h
  268   136  55  NRF24L01P.c
  243    68  27  flex_lcd.c
----- -----
  895   248 Total

Page ROM  %  RAM   Vol Diff  Functions:
---- --- --- ---   --- ----  ----------
0     20   1   1             @delay_ms1
0    431  27   0  1996  2.5  config_nrf24
0    273  17   3  1436  6.9  envia_dados
 Inline        3   617  5.9  recebe_dados
0    116   7   0    29  0.3  interrupcao
0      8   1   0             @const73
0     41   3   1   328  2.7  lcd_send_nibble
0     37   2   1   362  2.3  lcd_read_nibble
 Inline        3   165  3.3  lcd_read_byte
0     61   4   3   319  4.1  lcd_send_byte
0     47   3   2   384  4.4  lcd_init
 Inline        4   186  5.5  lcd_gotoxy
0     53   3   1   275  3.9  lcd_putc
0    352  22   1  1854  4.4  MAIN
0     21   1   3             @DIV88
0     53   3   2             @PRINTF_U_95
0     33   2   2             @PRINTF_X_95

Program metrics:
    Functions               12
    Statements              248
    Comments                197
    Volume (V)              11889
    Difficilty (D)          47.2
    Effort to implement (E) 561022
    Time to implement (T)   8 hours, 39 minutes
    Est Delivered Bugs (B)  2
    Cyclomatic Complexity   13
    Maintainability (MI)    86

 Segment     Used  Free
-----------  ----  ----
00000-00003     4  0  
00004-00034    49  0  
00035-007FF  1546  449  
00800-00FFF     0  2048  



